::1 - - [27/Feb/2020:20:34:06 +0000] "GET /manga/pn918005/ HTTP/1.1" 200 6486
::1 - - [27/Feb/2020:20:34:22 +0000] "GET /manga/pn918005/ HTTP/1.1" 200 6486
::1 - - [27/Feb/2020:20:34:24 +0000] "GET /manga/pn918005/ HTTP/1.1" 200 6486
::1 - - [27/Feb/2020:20:34:32 +0000] "GET /manga/pn918005/ HTTP/1.1" 200 6816
::1 - - [27/Feb/2020:20:34:40 +0000] "GET /manga/pn918005 HTTP/1.1" 200 6816
::1 - - [27/Feb/2020:20:34:41 +0000] "GET /manga/pn918005 HTTP/1.1" 304 -
::1 - - [27/Feb/2020:20:35:45 +0000] "GET /manga/pn918005 HTTP/1.1" 304 -
::1 - - [27/Feb/2020:20:35:46 +0000] "GET /manga/pn918005 HTTP/1.1" 304 -
::1 - - [27/Feb/2020:20:36:03 +0000] "GET /manga/pn918005 HTTP/1.1" 304 -
::1 - - [27/Feb/2020:20:36:04 +0000] "GET /manga/pn918005 HTTP/1.1" 304 -
::1 - - [27/Feb/2020:20:36:10 +0000] "GET /manga/pn918005 HTTP/1.1" 304 -
::1 - - [27/Feb/2020:20:36:11 +0000] "GET /manga/pn918005 HTTP/1.1" 304 -
::1 - - [27/Feb/2020:20:36:20 +0000] "GET /manga/pn918005 HTTP/1.1" 304 -
::1 - - [27/Feb/2020:20:36:21 +0000] "GET /manga/pn918005 HTTP/1.1" 304 -
::1 - - [27/Feb/2020:20:36:31 +0000] "GET /manga/pn918005 HTTP/1.1" 304 -
::1 - - [27/Feb/2020:20:36:32 +0000] "GET /manga/pn918005 HTTP/1.1" 304 -
::1 - - [27/Feb/2020:20:37:48 +0000] "GET /manga/pn918005 HTTP/1.1" 304 -
::1 - - [27/Feb/2020:20:37:48 +0000] "GET /manga/pn918005 HTTP/1.1" 304 -
::1 - - [27/Feb/2020:20:37:58 +0000] "GET /manga/pn918005 HTTP/1.1" 304 -
::1 - - [27/Feb/2020:20:37:59 +0000] "GET /manga/pn918005 HTTP/1.1" 304 -
::1 - - [27/Feb/2020:20:38:08 +0000] "GET /manga/pn918005 HTTP/1.1" 304 -
::1 - - [27/Feb/2020:20:38:09 +0000] "GET /manga/pn918005 HTTP/1.1" 304 -
::1 - - [27/Feb/2020:20:38:14 +0000] "GET /manga/pn918005 HTTP/1.1" 304 -
::1 - - [27/Feb/2020:20:38:15 +0000] "GET /manga/pn918005 HTTP/1.1" 304 -
::1 - - [27/Feb/2020:20:38:29 +0000] "GET /manga/pn918005 HTTP/1.1" 304 -
::1 - - [27/Feb/2020:20:38:30 +0000] "GET /manga/pn918005 HTTP/1.1" 304 -
::1 - - [27/Feb/2020:20:38:39 +0000] "GET /manga/pn918005 HTTP/1.1" 304 -
::1 - - [27/Feb/2020:20:38:39 +0000] "GET /manga/pn918005 HTTP/1.1" 304 -
::1 - - [27/Feb/2020:20:39:04 +0000] "GET /manga/pn918005 HTTP/1.1" 304 -
::1 - - [27/Feb/2020:20:39:05 +0000] "GET /manga/pn918005 HTTP/1.1" 304 -
::1 - - [27/Feb/2020:20:39:20 +0000] "GET /manga/pn918005 HTTP/1.1" 304 -
::1 - - [27/Feb/2020:20:39:21 +0000] "GET /manga/pn918005 HTTP/1.1" 304 -
::1 - - [27/Feb/2020:20:39:29 +0000] "GET /manga/pn918005 HTTP/1.1" 304 -
::1 - - [27/Feb/2020:20:39:30 +0000] "GET /manga/pn918005 HTTP/1.1" 304 -
::1 - - [27/Feb/2020:20:39:41 +0000] "GET /manga/pn918005 HTTP/1.1" 304 -
::1 - - [27/Feb/2020:20:39:42 +0000] "GET /manga/pn918005 HTTP/1.1" 304 -
::1 - - [27/Feb/2020:20:39:49 +0000] "GET /manga/pn918005 HTTP/1.1" 304 -
::1 - - [27/Feb/2020:20:39:50 +0000] "GET /manga/pn918005 HTTP/1.1" 304 -
::1 - - [27/Feb/2020:20:39:57 +0000] "GET /manga/pn918005 HTTP/1.1" 304 -
::1 - - [27/Feb/2020:20:39:58 +0000] "GET /manga/pn918005 HTTP/1.1" 304 -
::1 - - [27/Feb/2020:20:40:05 +0000] "GET /manga/pn918005 HTTP/1.1" 304 -
::1 - - [27/Feb/2020:20:40:06 +0000] "GET /manga/pn918005 HTTP/1.1" 304 -
::1 - - [27/Feb/2020:20:40:19 +0000] "GET /manga/pn918005 HTTP/1.1" 304 -
::1 - - [27/Feb/2020:20:40:20 +0000] "GET /manga/pn918005 HTTP/1.1" 304 -
::1 - - [27/Feb/2020:20:42:04 +0000] "GET /manga/pn918005 HTTP/1.1" 304 -
::1 - - [27/Feb/2020:20:42:05 +0000] "GET /manga/pn918005 HTTP/1.1" 304 -
::1 - - [27/Feb/2020:20:42:30 +0000] "GET /manga/pn918005 HTTP/1.1" 304 -
::1 - - [27/Feb/2020:20:42:31 +0000] "GET /manga/pn918005 HTTP/1.1" 304 -
::1 - - [27/Feb/2020:20:43:39 +0000] "GET /manga/pn918005 HTTP/1.1" 304 -
::1 - - [27/Feb/2020:20:43:40 +0000] "GET /manga/pn918005 HTTP/1.1" 304 -
::1 - - [27/Feb/2020:20:44:18 +0000] "GET /manga/pn918005 HTTP/1.1" 304 -
::1 - - [27/Feb/2020:20:44:19 +0000] "GET /manga/pn918005 HTTP/1.1" 304 -
::1 - - [27/Feb/2020:20:44:28 +0000] "GET /manga/pn918005 HTTP/1.1" 304 -
::1 - - [27/Feb/2020:20:44:29 +0000] "GET /manga/pn918005 HTTP/1.1" 304 -
::1 - - [27/Feb/2020:20:45:34 +0000] "GET /manga/pn918005 HTTP/1.1" 304 -
::1 - - [27/Feb/2020:20:45:35 +0000] "GET /manga/pn918005 HTTP/1.1" 304 -
::1 - - [27/Feb/2020:20:46:18 +0000] "GET /manga/pn918005 HTTP/1.1" 304 -
::1 - - [27/Feb/2020:20:46:19 +0000] "GET /manga/pn918005 HTTP/1.1" 304 -
::1 - - [27/Feb/2020:20:46:37 +0000] "GET /manga/pn918005 HTTP/1.1" 304 -
::1 - - [27/Feb/2020:20:46:38 +0000] "GET /manga/pn918005 HTTP/1.1" 304 -
::1 - - [27/Feb/2020:20:47:22 +0000] "GET /manga/pn918005 HTTP/1.1" 304 -
::1 - - [27/Feb/2020:20:47:22 +0000] "GET /manga/pn918005 HTTP/1.1" 304 -
::1 - - [27/Feb/2020:20:47:30 +0000] "GET /manga/pn918005 HTTP/1.1" 304 -
::1 - - [27/Feb/2020:20:47:31 +0000] "GET /manga/pn918005 HTTP/1.1" 304 -
::1 - - [27/Feb/2020:20:48:17 +0000] "GET /manga/pn918005 HTTP/1.1" 304 -
::1 - - [27/Feb/2020:20:48:18 +0000] "GET /manga/pn918005 HTTP/1.1" 304 -
::1 - - [27/Feb/2020:20:49:02 +0000] "GET /manga/pn918005 HTTP/1.1" 304 -
::1 - - [27/Feb/2020:20:49:02 +0000] "GET /manga/pn918005 HTTP/1.1" 304 -
::1 - - [27/Feb/2020:20:49:18 +0000] "GET /manga/pn918005 HTTP/1.1" 304 -
::1 - - [27/Feb/2020:20:49:19 +0000] "GET /manga/pn918005 HTTP/1.1" 304 -
::1 - - [27/Feb/2020:20:49:29 +0000] "GET /manga/pn918005 HTTP/1.1" 304 -
::1 - - [27/Feb/2020:20:49:30 +0000] "GET /manga/pn918005 HTTP/1.1" 304 -
::1 - - [27/Feb/2020:20:49:50 +0000] "GET /manga/pn918005 HTTP/1.1" 304 -
::1 - - [27/Feb/2020:20:49:51 +0000] "GET /manga/pn918005 HTTP/1.1" 304 -
::1 - - [27/Feb/2020:20:49:54 +0000] "GET /manga/pn918005 HTTP/1.1" 304 -
::1 - - [27/Feb/2020:20:49:55 +0000] "GET /manga/pn918005 HTTP/1.1" 304 -
::1 - - [27/Feb/2020:20:50:26 +0000] "GET /manga/pn918005 HTTP/1.1" 304 -
::1 - - [27/Feb/2020:20:50:27 +0000] "GET /manga/pn918005 HTTP/1.1" 304 -
::1 - - [27/Feb/2020:20:50:59 +0000] "GET /manga/pn918005 HTTP/1.1" 304 -
::1 - - [27/Feb/2020:20:51:00 +0000] "GET /manga/pn918005 HTTP/1.1" 304 -
::1 - - [27/Feb/2020:20:51:18 +0000] "GET /manga/pn918005 HTTP/1.1" 304 -
::1 - - [27/Feb/2020:20:51:19 +0000] "GET /manga/pn918005 HTTP/1.1" 304 -
::1 - - [27/Feb/2020:20:52:50 +0000] "GET /manga/pn918005 HTTP/1.1" 304 -
::1 - - [27/Feb/2020:20:52:51 +0000] "GET /manga/pn918005 HTTP/1.1" 304 -
::1 - - [27/Feb/2020:20:54:39 +0000] "GET /manga/pn918005 HTTP/1.1" 304 -
::1 - - [27/Feb/2020:20:54:40 +0000] "GET /manga/pn918005 HTTP/1.1" 304 -
::1 - - [27/Feb/2020:20:55:50 +0000] "GET /manga/pn918005 HTTP/1.1" 304 -
::1 - - [27/Feb/2020:20:55:51 +0000] "GET /manga/pn918005 HTTP/1.1" 304 -
::1 - - [27/Feb/2020:20:55:55 +0000] "GET /manga/pn918005 HTTP/1.1" 200 6816
::1 - - [27/Feb/2020:20:55:56 +0000] "GET /manga/pn918005 HTTP/1.1" 304 -
::1 - - [27/Feb/2020:20:56:02 +0000] "GET /manga/pn918005 HTTP/1.1" 304 -
::1 - - [27/Feb/2020:20:56:02 +0000] "GET /manga/pn918005 HTTP/1.1" 304 -
::1 - - [27/Feb/2020:20:56:37 +0000] "GET /manga/manga HTTP/1.1" - -
::1 - - [27/Feb/2020:20:59:48 +0000] "GET /manga/pn918005 HTTP/1.1" - -
::1 - - [27/Feb/2020:20:59:50 +0000] "GET /manga/pn918005 HTTP/1.1" 200 6816
::1 - - [27/Feb/2020:20:59:51 +0000] "GET /manga/pn918005 HTTP/1.1" 304 -
::1 - - [27/Feb/2020:20:59:57 +0000] "GET /manga/pn918005 HTTP/1.1" 304 -
::1 - - [27/Feb/2020:20:59:57 +0000] "GET /manga/pn918005 HTTP/1.1" 304 -
::1 - - [27/Feb/2020:21:00:12 +0000] "GET /manga/pn918005 HTTP/1.1" 304 -
::1 - - [27/Feb/2020:21:00:13 +0000] "GET /manga/pn918005 HTTP/1.1" 304 -
::1 - - [27/Feb/2020:21:00:40 +0000] "GET /manga/pn918005 HTTP/1.1" 304 -
::1 - - [27/Feb/2020:21:00:41 +0000] "GET /manga/pn918005 HTTP/1.1" 304 -
::1 - - [27/Feb/2020:21:00:51 +0000] "GET /manga/pn918005 HTTP/1.1" - -
::1 - - [27/Feb/2020:21:00:53 +0000] "GET /manga/pn918005 HTTP/1.1" 200 6816
::1 - - [27/Feb/2020:21:00:53 +0000] "GET /manga/pn918005 HTTP/1.1" 304 -
::1 - - [27/Feb/2020:21:02:53 +0000] "GET /manga/manga HTTP/1.1" - -
::1 - - [27/Feb/2020:21:04:09 +0000] "GET /manga/pn918005/2 HTTP/1.1" 200 1812
::1 - - [27/Feb/2020:21:06:36 +0000] "GET /manga/pn918005/3 HTTP/1.1" 200 2502
::1 - - [27/Feb/2020:21:06:55 +0000] "GET /manga/pn918005/3 HTTP/1.1" 304 -
::1 - - [27/Feb/2020:21:07:22 +0000] "GET /manga/pn918005/3 HTTP/1.1" 304 -
::1 - - [27/Feb/2020:21:07:40 +0000] "GET /manga/pn918005/3 HTTP/1.1" 304 -
::1 - - [27/Feb/2020:21:07:40 +0000] "GET /manga/pn918005/3 HTTP/1.1" 304 -
::1 - - [27/Feb/2020:21:07:53 +0000] "GET /manga/pn918005/3 HTTP/1.1" 304 -
::1 - - [27/Feb/2020:21:07:54 +0000] "GET /manga/pn918005/3 HTTP/1.1" 304 -
::1 - - [27/Feb/2020:21:08:00 +0000] "GET /manga/pn918005/3 HTTP/1.1" 304 -
::1 - - [27/Feb/2020:21:08:07 +0000] "GET /manga/pn918005/3 HTTP/1.1" 304 -
::1 - - [27/Feb/2020:21:08:27 +0000] "GET /manga/pn918005/3 HTTP/1.1" 304 -
::1 - - [27/Feb/2020:21:08:34 +0000] "GET /manga/pn918005/3 HTTP/1.1" 304 -
::1 - - [27/Feb/2020:21:09:03 +0000] "GET /manga/pn918005/3 HTTP/1.1" 304 -
::1 - - [27/Feb/2020:21:09:08 +0000] "GET /manga/pn918005/3 HTTP/1.1" 304 -
::1 - - [27/Feb/2020:21:09:11 +0000] "GET /manga/pn918005/3 HTTP/1.1" 304 -
::1 - - [27/Feb/2020:21:09:15 +0000] "GET /manga/pn918005/3 HTTP/1.1" 304 -
::1 - - [27/Feb/2020:21:09:21 +0000] "GET /manga/pn918005/3 HTTP/1.1" 304 -
::1 - - [27/Feb/2020:21:09:25 +0000] "GET /manga/pn918005/3 HTTP/1.1" 304 -
::1 - - [27/Feb/2020:21:09:28 +0000] "GET /manga/pn918005/3 HTTP/1.1" 304 -
::1 - - [27/Feb/2020:21:09:35 +0000] "GET /manga/pn918005/3 HTTP/1.1" 304 -
::1 - - [27/Feb/2020:21:09:47 +0000] "GET /manga/pn918005/3 HTTP/1.1" 304 -
::1 - - [27/Feb/2020:21:09:55 +0000] "GET /manga/pn918005/3 HTTP/1.1" 304 -
::1 - - [27/Feb/2020:21:10:11 +0000] "GET /manga/pn918005/3 HTTP/1.1" 304 -
::1 - - [27/Feb/2020:21:10:58 +0000] "GET /manga/pn918005/3 HTTP/1.1" 304 -
::1 - - [27/Feb/2020:21:11:06 +0000] "GET /manga/pn918005/3 HTTP/1.1" 304 -
::1 - - [27/Feb/2020:21:13:36 +0000] "GET /manga/pn918005/3 HTTP/1.1" 304 -
::1 - - [27/Feb/2020:21:13:47 +0000] "GET /manga/pn918005/3 HTTP/1.1" 304 -
::1 - - [27/Feb/2020:21:13:54 +0000] "GET /manga/pn918005/3 HTTP/1.1" 304 -
::1 - - [27/Feb/2020:21:14:09 +0000] "GET /manga/pn918005/3 HTTP/1.1" 304 -
::1 - - [27/Feb/2020:21:14:31 +0000] "GET /manga/pn918005/3 HTTP/1.1" 304 -
::1 - - [27/Feb/2020:21:14:44 +0000] "GET /manga/pn918005/3 HTTP/1.1" 304 -
::1 - - [27/Feb/2020:21:15:00 +0000] "GET /manga/pn918005/3 HTTP/1.1" 304 -
::1 - - [27/Feb/2020:21:15:14 +0000] "GET /manga/pn918005/3 HTTP/1.1" 304 -
::1 - - [27/Feb/2020:21:15:24 +0000] "GET /manga/pn918005/3 HTTP/1.1" 304 -
::1 - - [27/Feb/2020:21:15:35 +0000] "GET /manga/pn918005/3 HTTP/1.1" 304 -
::1 - - [27/Feb/2020:21:15:51 +0000] "GET /manga/pn918005/3 HTTP/1.1" 304 -
::1 - - [27/Feb/2020:21:16:01 +0000] "GET /manga/pn918005/3 HTTP/1.1" 304 -
::1 - - [27/Feb/2020:21:16:12 +0000] "GET /manga/pn918005/3 HTTP/1.1" 304 -
::1 - - [27/Feb/2020:21:16:18 +0000] "GET /manga/pn918005/3 HTTP/1.1" 304 -
::1 - - [27/Feb/2020:21:16:28 +0000] "GET /manga/pn918005/3 HTTP/1.1" 304 -
::1 - - [27/Feb/2020:21:16:35 +0000] "GET /manga/pn918005/3 HTTP/1.1" 304 -
::1 - - [27/Feb/2020:21:16:47 +0000] "GET /manga/pn918005/3 HTTP/1.1" 200 2502
::1 - - [27/Feb/2020:21:17:00 +0000] "GET /manga/pn918005/3 HTTP/1.1" 304 -
::1 - - [27/Feb/2020:21:17:17 +0000] "GET /manga/pn918005/3 HTTP/1.1" 304 -
::1 - - [27/Feb/2020:21:17:25 +0000] "GET /manga/pn918005/3 HTTP/1.1" 304 -
::1 - - [27/Feb/2020:21:17:40 +0000] "GET /manga/pn918005/3 HTTP/1.1" 304 -
::1 - - [27/Feb/2020:21:17:53 +0000] "GET /manga/pn918005/3 HTTP/1.1" 304 -
::1 - - [27/Feb/2020:21:18:05 +0000] "GET /manga/pn918005/3 HTTP/1.1" 304 -
::1 - - [27/Feb/2020:21:18:14 +0000] "GET /manga/pn918005/3 HTTP/1.1" 304 -
::1 - - [27/Feb/2020:21:18:30 +0000] "GET /manga/pn918005/3 HTTP/1.1" 304 -
::1 - - [27/Feb/2020:21:18:40 +0000] "GET /manga/pn918005/3 HTTP/1.1" 304 -
::1 - - [27/Feb/2020:21:18:50 +0000] "GET /manga/pn918005/3 HTTP/1.1" 304 -
::1 - - [27/Feb/2020:21:19:07 +0000] "GET /manga/pn918005/3 HTTP/1.1" 304 -
::1 - - [27/Feb/2020:21:20:06 +0000] "GET /manga/pn918005/3 HTTP/1.1" 304 -
::1 - - [27/Feb/2020:21:20:18 +0000] "GET /manga/pn918005/3 HTTP/1.1" 304 -
::1 - - [27/Feb/2020:21:20:40 +0000] "GET /manga/pn918005/3 HTTP/1.1" 304 -
::1 - - [27/Feb/2020:21:20:49 +0000] "GET /manga/pn918005/3 HTTP/1.1" 304 -
::1 - - [27/Feb/2020:21:21:05 +0000] "GET /manga/pn918005/3 HTTP/1.1" 304 -
::1 - - [27/Feb/2020:21:21:09 +0000] "GET /manga/pn918005/3 HTTP/1.1" 304 -
::1 - - [27/Feb/2020:21:22:39 +0000] "GET /manga/pn918005/3 HTTP/1.1" 304 -
::1 - - [27/Feb/2020:21:23:13 +0000] "GET /manga/pn918005/3 HTTP/1.1" 304 -
::1 - - [27/Feb/2020:21:23:17 +0000] "GET /manga/pn918005/3 HTTP/1.1" 304 -
::1 - - [27/Feb/2020:21:23:34 +0000] "GET /manga/pn918005/3 HTTP/1.1" 304 -
::1 - - [27/Feb/2020:21:23:36 +0000] "GET /manga/pn918005/3 HTTP/1.1" 304 -
::1 - - [27/Feb/2020:21:25:01 +0000] "GET /manga/pn918005/3 HTTP/1.1" 304 -
::1 - - [27/Feb/2020:21:25:55 +0000] "GET /manga/pn918005/3 HTTP/1.1" 304 -
::1 - - [27/Feb/2020:21:26:16 +0000] "GET /manga/pn918005/3 HTTP/1.1" 304 -
::1 - - [27/Feb/2020:21:26:20 +0000] "GET /manga/pn918005/3 HTTP/1.1" 304 -
::1 - - [27/Feb/2020:21:26:40 +0000] "GET /manga/pn918005/3 HTTP/1.1" 304 -
::1 - - [27/Feb/2020:21:27:53 +0000] "GET /manga/pn918005/3 HTTP/1.1" 304 -
::1 - - [27/Feb/2020:21:28:02 +0000] "GET /manga/pn918005/3 HTTP/1.1" 304 -
::1 - - [27/Feb/2020:21:28:24 +0000] "GET /manga/manga HTTP/1.1" - -
::1 - - [27/Feb/2020:21:28:25 +0000] "GET /manga/pn918005/3 HTTP/1.1" 304 -
::1 - - [27/Feb/2020:21:28:38 +0000] "GET /manga/pn918005/3 HTTP/1.1" 304 -
::1 - - [27/Feb/2020:21:29:31 +0000] "GET /manga/pn918005/2 HTTP/1.1" - -
::1 - - [27/Feb/2020:21:29:32 +0000] "GET /manga/pn918005/6 HTTP/1.1" 200 2778
::1 - - [27/Feb/2020:21:30:14 +0000] "GET /manga/pn918005/5 HTTP/1.1" 200 2433
::1 - - [27/Feb/2020:21:30:33 +0000] "GET /manga/pn918005/4 HTTP/1.1" 200 2502
::1 - - [27/Feb/2020:21:30:36 +0000] "GET /manga/pn918005/3 HTTP/1.1" 304 -
::1 - - [27/Feb/2020:21:30:41 +0000] "GET /manga/pn918005/2 HTTP/1.1" 200 1812
::1 - - [27/Feb/2020:21:30:48 +0000] "GET /manga/pn918005/1 HTTP/1.1" 200 2019
::1 - - [27/Feb/2020:21:30:54 +0000] "GET /manga/pn918005/0 HTTP/1.1" 200 720
::1 - - [27/Feb/2020:21:30:57 +0000] "GET /manga/pn918005/-1 HTTP/1.1" 200 28
::1 - - [27/Feb/2020:21:31:17 +0000] "GET /manga/pn918005/-1 HTTP/1.1" 304 -
::1 - - [27/Feb/2020:21:32:05 +0000] "GET /manga/pn918005/-1 HTTP/1.1" 304 -
::1 - - [27/Feb/2020:21:32:15 +0000] "GET /manga/pn918005/-1 HTTP/1.1" 304 -
::1 - - [27/Feb/2020:21:32:28 +0000] "GET /manga/pn918005/107 HTTP/1.1" 200 3994
::1 - - [27/Feb/2020:21:34:32 +0000] "GET /manga/pn918005/107 HTTP/1.1" 304 -
::1 - - [27/Feb/2020:21:34:47 +0000] "GET /manga/pn918005/107 HTTP/1.1" 304 -
::1 - - [27/Feb/2020:21:35:16 +0000] "GET /manga/pn918005/107 HTTP/1.1" 304 -
::1 - - [27/Feb/2020:21:37:55 +0000] "GET /manga/pn918005/107 HTTP/1.1" 304 -
::1 - - [27/Feb/2020:21:40:12 +0000] "GET /manga/pn918005/107 HTTP/1.1" 304 -
